<?xml version="1.0" encoding="UTF-8"?>
<Site BuildName="(empty)"
	BuildStamp="20260704-0746-Experimental"
	Name="ardra-ASUS-TUF-Gaming-F15-FX506HE-FX506HE"
	Generator="ctest-3.28.3"
	CompilerName="/usr/bin/c++"
	CompilerVersion="13.3.0"
	OSName="Linux"
	Hostname="ardra-ASUS-TUF-Gaming-F15-FX506HE-FX506HE"
	OSRelease="6.17.0-35-generic"
	OSVersion="#35~24.04.1-Ubuntu SMP PREEMPT_DYNAMIC Tue May 26 19:30:42 UTC 2"
	OSPlatform="x86_64"
	Is64Bits="1"
	VendorString="GenuineIntel"
	VendorID="Intel Corporation"
	FamilyID="6"
	ModelID="141"
	ProcessorCacheSize="24576"
	NumberOfLogicalCPU="16"
	NumberOfPhysicalCPU="8"
	TotalVirtualMemory="8191"
	TotalPhysicalMemory="15711"
	LogicalProcessorsPerPhysical="2"
	ProcessorClockFrequency="2163.14"
	>
	<Testing>
		<StartDateTime>Jul 04 13:16 IST</StartDateTime>
		<StartTestTime>1783151175</StartTestTime>
		<TestList>
			<Test>./cpp_minimal_publisher_test</Test>
		</TestList>
		<Test Status="passed">
			<Name>cpp_minimal_publisher_test</Name>
			<Path>.</Path>
			<FullName>./cpp_minimal_publisher_test</FullName>
			<FullCommandLine>/usr/bin/python3 "-u" "/opt/ros/jazzy/share/ament_cmake_test/cmake/run_test.py" "/home/ardra/ros2_tut/build/ros2_fundementals_examples/test_results/ros2_fundementals_examples/cpp_minimal_publisher_test.gtest.xml" "--package-name" "ros2_fundementals_examples" "--output-file" "/home/ardra/ros2_tut/build/ros2_fundementals_examples/ament_cmake_gtest/cpp_minimal_publisher_test.txt" "--command" "/home/ardra/ros2_tut/build/ros2_fundementals_examples/cpp_minimal_publisher_test" "--gtest_output=xml:/home/ardra/ros2_tut/build/ros2_fundementals_examples/test_results/ros2_fundementals_examples/cpp_minimal_publisher_test.gtest.xml"</FullCommandLine>
			<Results>
				<NamedMeasurement type="numeric/double" name="Execution Time">
					<Value>0.180512</Value>
				</NamedMeasurement>
				<NamedMeasurement type="numeric/double" name="Processors">
					<Value>1</Value>
				</NamedMeasurement>
				<NamedMeasurement type="text/string" name="Completion Status">
					<Value>Completed</Value>
				</NamedMeasurement>
				<NamedMeasurement type="text/string" name="Command Line">
					<Value>/usr/bin/python3 "-u" "/opt/ros/jazzy/share/ament_cmake_test/cmake/run_test.py" "/home/ardra/ros2_tut/build/ros2_fundementals_examples/test_results/ros2_fundementals_examples/cpp_minimal_publisher_test.gtest.xml" "--package-name" "ros2_fundementals_examples" "--output-file" "/home/ardra/ros2_tut/build/ros2_fundementals_examples/ament_cmake_gtest/cpp_minimal_publisher_test.txt" "--command" "/home/ardra/ros2_tut/build/ros2_fundementals_examples/cpp_minimal_publisher_test" "--gtest_output=xml:/home/ardra/ros2_tut/build/ros2_fundementals_examples/test_results/ros2_fundementals_examples/cpp_minimal_publisher_test.gtest.xml"</Value>
				</NamedMeasurement>
				<NamedMeasurement type="text/string" name="Environment">
					<Value>#CTEST_RESOURCE_GROUP_COUNT=</Value>
				</NamedMeasurement>
				<Measurement>
					<Value>-- run_test.py: invoking following command in '/home/ardra/ros2_tut/build/ros2_fundementals_examples':
 - /home/ardra/ros2_tut/build/ros2_fundementals_examples/cpp_minimal_publisher_test --gtest_output=xml:/home/ardra/ros2_tut/build/ros2_fundementals_examples/test_results/ros2_fundementals_examples/cpp_minimal_publisher_test.gtest.xml
[==========] Running 2 tests from 1 test suite.
[----------] Global test environment set-up.
[----------] 2 tests from TestMinimalPublisher
[ RUN      ] TestMinimalPublisher.TestNodeCreation
[INFO] [1783151175.664585462] [minimal_publisher]: Publishing at 2Hz
[       OK ] TestMinimalPublisher.TestNodeCreation (15 ms)
[ RUN      ] TestMinimalPublisher.TestMessageContent
[INFO] [1783151175.669833920] [minimal_publisher]: Publishing at 2Hz
[       OK ] TestMinimalPublisher.TestMessageContent (5 ms)
[----------] 2 tests from TestMinimalPublisher (20 ms total)

[----------] Global test environment tear-down
[==========] 2 tests from 1 test suite ran. (21 ms total)
[  PASSED  ] 2 tests.
-- run_test.py: return code 0
-- run_test.py: inject classname prefix into gtest result file '/home/ardra/ros2_tut/build/ros2_fundementals_examples/test_results/ros2_fundementals_examples/cpp_minimal_publisher_test.gtest.xml'
-- run_test.py: verify result file '/home/ardra/ros2_tut/build/ros2_fundementals_examples/test_results/ros2_fundementals_examples/cpp_minimal_publisher_test.gtest.xml'
</Value>
				</Measurement>
			</Results>
			<Labels>
				<Label>gtest</Label>
			</Labels>
		</Test>
		<EndDateTime>Jul 04 13:16 IST</EndDateTime>
		<EndTestTime>1783151175</EndTestTime>
		<ElapsedMinutes>0</ElapsedMinutes>
	</Testing>
</Site>
