Start testing: Jul 04 13:05 IST
----------------------------------------------------------
1/1 Testing: cpp_minimal_publisher_test
1/1 Test: cpp_minimal_publisher_test
Command: "/usr/bin/python3" "-u" "/opt/ros/jazzy/share/ament_cmake_test/cmake/run_test.py" "/home/ardra/ros2_tut/build/ros2_fundementals_examples/test_results/ros2_fundementals_examples/cpp_minimal_publisher_test.gtest.xml" "--package-name" "ros2_fundementals_examples" "--output-file" "/home/ardra/ros2_tut/build/ros2_fundementals_examples/ament_cmake_gtest/cpp_minimal_publisher_test.txt" "--command" "/home/ardra/ros2_tut/build/ros2_fundementals_examples/cpp_minimal_publisher_test" "--gtest_output=xml:/home/ardra/ros2_tut/build/ros2_fundementals_examples/test_results/ros2_fundementals_examples/cpp_minimal_publisher_test.gtest.xml"
Directory: /home/ardra/ros2_tut/build/ros2_fundementals_examples
"cpp_minimal_publisher_test" start time: Jul 04 13:05 IST
Output:
----------------------------------------------------------
-- run_test.py: invoking following command in '/home/ardra/ros2_tut/build/ros2_fundementals_examples':
 - /home/ardra/ros2_tut/build/ros2_fundementals_examples/cpp_minimal_publisher_test --gtest_output=xml:/home/ardra/ros2_tut/build/ros2_fundementals_examples/test_results/ros2_fundementals_examples/cpp_minimal_publisher_test.gtest.xml
[==========] Running 2 tests from 1 test suite.
[----------] Global test environment set-up.
[----------] 2 tests from TestMinimalPublisher
[ RUN      ] TestMinimalPublisher.TestNodeCreation
[INFO] [1783150527.704026106] [minimal_publisher]: Publishing at 2Hz
[       OK ] TestMinimalPublisher.TestNodeCreation (45 ms)
[ RUN      ] TestMinimalPublisher.TestMessageContent
[INFO] [1783150527.709955755] [minimal_publisher]: Publishing at 2Hz
/home/ardra/ros2_tut/src/ros2_fundementals_examples/test/gtest/test_publisher.cpp:81: Failure
Expected equality of these values:
  received_message->data.substr(0, 13)
    Which is: "Hello, world!"
  "Hello, world! "

[  FAILED  ] TestMinimalPublisher.TestMessageContent (6 ms)
[----------] 2 tests from TestMinimalPublisher (52 ms total)

[----------] Global test environment tear-down
[==========] 2 tests from 1 test suite ran. (52 ms total)
[  PASSED  ] 1 test.
[  FAILED  ] 1 test, listed below:
[  FAILED  ] TestMinimalPublisher.TestMessageContent

 1 FAILED TEST
-- run_test.py: return code 1
-- run_test.py: inject classname prefix into gtest result file '/home/ardra/ros2_tut/build/ros2_fundementals_examples/test_results/ros2_fundementals_examples/cpp_minimal_publisher_test.gtest.xml'
-- run_test.py: verify result file '/home/ardra/ros2_tut/build/ros2_fundementals_examples/test_results/ros2_fundementals_examples/cpp_minimal_publisher_test.gtest.xml'
<end of output>
Test time =   0.22 sec
----------------------------------------------------------
Test Failed.
"cpp_minimal_publisher_test" end time: Jul 04 13:05 IST
"cpp_minimal_publisher_test" time elapsed: 00:00:00
----------------------------------------------------------

End testing: Jul 04 13:05 IST

gtest =   0.22 sec*proc

