Start testing: Jul 04 13:16 IST
----------------------------------------------------------
1/1 Testing: cpp_minimal_publisher_test
1/1 Test: cpp_minimal_publisher_test
Command: "/usr/bin/python3" "-u" "/opt/ros/jazzy/share/ament_cmake_test/cmake/run_test.py" "/home/ardra/ros2_tut/build/ros2_fundementals_examples/test_results/ros2_fundementals_examples/cpp_minimal_publisher_test.gtest.xml" "--package-name" "ros2_fundementals_examples" "--output-file" "/home/ardra/ros2_tut/build/ros2_fundementals_examples/ament_cmake_gtest/cpp_minimal_publisher_test.txt" "--command" "/home/ardra/ros2_tut/build/ros2_fundementals_examples/cpp_minimal_publisher_test" "--gtest_output=xml:/home/ardra/ros2_tut/build/ros2_fundementals_examples/test_results/ros2_fundementals_examples/cpp_minimal_publisher_test.gtest.xml"
Directory: /home/ardra/ros2_tut/build/ros2_fundementals_examples
"cpp_minimal_publisher_test" start time: Jul 04 13:16 IST
Output:
----------------------------------------------------------
-- run_test.py: invoking following command in '/home/ardra/ros2_tut/build/ros2_fundementals_examples':
 - /home/ardra/ros2_tut/build/ros2_fundementals_examples/cpp_minimal_publisher_test --gtest_output=xml:/home/ardra/ros2_tut/build/ros2_fundementals_examples/test_results/ros2_fundementals_examples/cpp_minimal_publisher_test.gtest.xml
[==========] Running 2 tests from 1 test suite.
[----------] Global test environment set-up.
[----------] 2 tests from TestMinimalPublisher
[ RUN      ] TestMinimalPublisher.TestNodeCreation
[INFO] [1783151175.664585462] [minimal_publisher]: Publishing at 2Hz
[       OK ] TestMinimalPublisher.TestNodeCreation (15 ms)
[ RUN      ] TestMinimalPublisher.TestMessageContent
[INFO] [1783151175.669833920] [minimal_publisher]: Publishing at 2Hz
[       OK ] TestMinimalPublisher.TestMessageContent (5 ms)
[----------] 2 tests from TestMinimalPublisher (20 ms total)

[----------] Global test environment tear-down
[==========] 2 tests from 1 test suite ran. (21 ms total)
[  PASSED  ] 2 tests.
-- run_test.py: return code 0
-- run_test.py: inject classname prefix into gtest result file '/home/ardra/ros2_tut/build/ros2_fundementals_examples/test_results/ros2_fundementals_examples/cpp_minimal_publisher_test.gtest.xml'
-- run_test.py: verify result file '/home/ardra/ros2_tut/build/ros2_fundementals_examples/test_results/ros2_fundementals_examples/cpp_minimal_publisher_test.gtest.xml'
<end of output>
Test time =   0.18 sec
----------------------------------------------------------
Test Passed.
"cpp_minimal_publisher_test" end time: Jul 04 13:16 IST
"cpp_minimal_publisher_test" time elapsed: 00:00:00
----------------------------------------------------------

End testing: Jul 04 13:16 IST

gtest =   0.18 sec*proc

